<?xml version="1.0" encoding="UTF-8"?>
<testsuite xmlns:xsi="http://www.w3.org/2001/XMLSchema-instance" xsi:noNamespaceSchemaLocation="https://maven.apache.org/surefire/maven-surefire-plugin/xsd/surefire-test-report.xsd" version="3.0.2" name="com.example.ordenservice.OrdenServiceApplicationTests" time="17.001" tests="1" errors="0" skipped="0" failures="0">
  <properties>
[...]
</properties>
  <testcase name="contextLoads" classname="com.example.ordenservice.OrdenServiceApplicationTests" time="0.869">
    <system-out><![CDATA[07:59:05.897 [main] INFO org.springframework.test.context.support.AnnotationConfigContextLoaderUtils -- Could not detect default configuration classes for test class [com.example.ordenservice.OrdenServiceApplicationTests]: OrdenServiceApplicationTests does not declare any static, non-private, non-final, nested classes annotated with @Configuration.
07:59:06.097 [main] INFO org.springframework.boot.test.context.SpringBootTestContextBootstrapper -- Found @SpringBootConfiguration com.example.ordenservice.OrdenServiceApplication for test class com.example.ordenservice.OrdenServiceApplicationTests

  .   ____          _            __ _ _
 /\\ / ___'_ __ _ _(_)_ __  __ _ \ \ \ \
( ( )\___ | '_ | '_| | '_ \/ _` | \ \ \ \
 \\/  ___)| |_)| | | | | || (_| |  ) ) ) )
  '  |____| .__|_| |_|_| |_\__, | / / / /
 =========|_|==============|___/=/_/_/_/

 :: Spring Boot ::                (v3.4.5)

2025-05-16T07:59:08.571-05:00  INFO 25672 --- [orden-service] [           main] c.e.o.OrdenServiceApplicationTests       : Starting OrdenServiceApplicationTests using Java 17.0.12 with PID 25672 (started by Sebax47 in C:\Users\Sebax47\Desktop\Comunicacion entre microservicios\orden-service)
2025-05-16T07:59:08.577-05:00  INFO 25672 --- [orden-service] [           main] c.e.o.OrdenServiceApplicationTests       : No active profile set, falling back to 1 default profile: "default"
2025-05-16T07:59:09.908-05:00  INFO 25672 --- [orden-service] [           main] .s.d.r.c.RepositoryConfigurationDelegate : Bootstrapping Spring Data JPA repositories in DEFAULT mode.
2025-05-16T07:59:10.168-05:00  INFO 25672 --- [orden-service] [           main] .s.d.r.c.RepositoryConfigurationDelegate : Finished Spring Data repository scanning in 243 ms. Found 1 JPA repository interface.
2025-05-16T07:59:10.668-05:00  INFO 25672 --- [orden-service] [           main] o.s.cloud.context.scope.GenericScope     : BeanFactory id=fdc696ca-03b4-3ee9-b082-d917efa92b25
2025-05-16T07:59:11.572-05:00  INFO 25672 --- [orden-service] [           main] o.hibernate.jpa.internal.util.LogHelper  : HHH000204: Processing PersistenceUnitInfo [name: default]
2025-05-16T07:59:11.860-05:00  INFO 25672 --- [orden-service] [           main] org.hibernate.Version                    : HHH000412: Hibernate ORM core version 6.6.13.Final
2025-05-16T07:59:12.002-05:00  INFO 25672 --- [orden-service] [           main] o.h.c.internal.RegionFactoryInitiator    : HHH000026: Second-level cache disabled
2025-05-16T07:59:12.612-05:00  INFO 25672 --- [orden-service] [           main] o.s.o.j.p.SpringPersistenceUnitInfo      : No LoadTimeWeaver setup: ignoring JPA class transformer
2025-05-16T07:59:12.673-05:00  INFO 25672 --- [orden-service] [           main] com.zaxxer.hikari.HikariDataSource       : HikariPool-1 - Starting...
2025-05-16T07:59:13.027-05:00  INFO 25672 --- [orden-service] [           main] com.zaxxer.hikari.pool.HikariPool        : HikariPool-1 - Added connection org.postgresql.jdbc.PgConnection@3eee08f5
2025-05-16T07:59:13.031-05:00  INFO 25672 --- [orden-service] [           main] com.zaxxer.hikari.HikariDataSource       : HikariPool-1 - Start completed.
2025-05-16T07:59:13.105-05:00  WARN 25672 --- [orden-service] [           main] org.hibernate.orm.deprecation            : HHH90000025: PostgreSQLDialect does not need to be specified explicitly using 'hibernate.dialect' (remove the property setting and it will be selected by default)
2025-05-16T07:59:13.157-05:00  INFO 25672 --- [orden-service] [           main] org.hibernate.orm.connections.pooling    : HHH10001005: Database info:
	Database JDBC URL [Connecting through datasource 'HikariDataSource (HikariPool-1)']
	Database driver: undefined/unknown
	Database version: 15.4
	Autocommit mode: undefined/unknown
	Isolation level: undefined/unknown
	Minimum pool size: undefined/unknown
	Maximum pool size: undefined/unknown
2025-05-16T07:59:14.968-05:00  INFO 25672 --- [orden-service] [           main] o.h.e.t.j.p.i.JtaPlatformInitiator       : HHH000489: No JTA platform available (set 'hibernate.transaction.jta.platform' to enable JTA platform integration)
2025-05-16T07:59:15.088-05:00  INFO 25672 --- [orden-service] [           main] j.LocalContainerEntityManagerFactoryBean : Initialized JPA EntityManagerFactory for persistence unit 'default'
2025-05-16T07:59:15.868-05:00  WARN 25672 --- [orden-service] [           main] JpaBaseConfiguration$JpaWebConfiguration : spring.jpa.open-in-view is enabled by default. Therefore, database queries may be performed during view rendering. Explicitly configure spring.jpa.open-in-view to disable this warning
2025-05-16T07:59:17.289-05:00  INFO 25672 --- [orden-service] [           main] o.s.cloud.commons.util.InetUtils         : Cannot determine local hostname
2025-05-16T07:59:17.558-05:00  INFO 25672 --- [orden-service] [           main] o.s.c.openfeign.FeignClientFactoryBean   : For 'producto-service' URL not provided. Will try picking an instance via load-balancing.
2025-05-16T07:59:20.210-05:00  INFO 25672 --- [orden-service] [           main] o.s.cloud.commons.util.InetUtils         : Cannot determine local hostname
2025-05-16T07:59:20.247-05:00  INFO 25672 --- [orden-service] [           main] DiscoveryClientOptionalArgsConfiguration : Eureka HTTP Client uses RestTemplate.
2025-05-16T07:59:20.297-05:00  WARN 25672 --- [orden-service] [           main] iguration$LoadBalancerCaffeineWarnLogger : Spring Cloud LoadBalancer is currently working with the default cache. While this cache implementation is useful for development and tests, it's recommended to use Caffeine cache in production.You can switch to using Caffeine cache, by adding it and org.springframework.cache.caffeine.CaffeineCacheManager to the classpath.
2025-05-16T07:59:20.348-05:00  INFO 25672 --- [orden-service] [           main] o.s.c.n.eureka.InstanceInfoFactory       : Setting initial instance status as: STARTING
2025-05-16T07:59:20.398-05:00  INFO 25672 --- [orden-service] [           main] com.netflix.discovery.DiscoveryClient    : Initializing Eureka in region us-east-1
2025-05-16T07:59:20.404-05:00  INFO 25672 --- [orden-service] [           main] c.n.d.s.r.aws.ConfigClusterResolver      : Resolving eureka endpoints via configuration
2025-05-16T07:59:20.419-05:00  INFO 25672 --- [orden-service] [           main] com.netflix.discovery.DiscoveryClient    : Disable delta property : false
2025-05-16T07:59:20.419-05:00  INFO 25672 --- [orden-service] [           main] com.netflix.discovery.DiscoveryClient    : Single vip registry refresh property : null
2025-05-16T07:59:20.419-05:00  INFO 25672 --- [orden-service] [           main] com.netflix.discovery.DiscoveryClient    : Force full registry fetch : false
2025-05-16T07:59:20.420-05:00  INFO 25672 --- [orden-service] [           main] com.netflix.discovery.DiscoveryClient    : Application is null : false
2025-05-16T07:59:20.420-05:00  INFO 25672 --- [orden-service] [           main] com.netflix.discovery.DiscoveryClient    : Registered Applications size is zero : true
2025-05-16T07:59:20.420-05:00  INFO 25672 --- [orden-service] [           main] com.netflix.discovery.DiscoveryClient    : Application version is -1: true
2025-05-16T07:59:20.420-05:00  INFO 25672 --- [orden-service] [           main] com.netflix.discovery.DiscoveryClient    : Getting all instance registry info from the eureka server
2025-05-16T07:59:21.535-05:00  INFO 25672 --- [orden-service] [           main] com.netflix.discovery.DiscoveryClient    : The response status is 200
2025-05-16T07:59:21.537-05:00  INFO 25672 --- [orden-service] [           main] com.netflix.discovery.DiscoveryClient    : Starting heartbeat executor: renew interval is: 30
2025-05-16T07:59:21.540-05:00  INFO 25672 --- [orden-service] [           main] c.n.discovery.InstanceInfoReplicator     : InstanceInfoReplicator onDemand update allowed rate per min is 4
2025-05-16T07:59:21.543-05:00  INFO 25672 --- [orden-service] [           main] com.netflix.discovery.DiscoveryClient    : Discovery Client initialized at timestamp 1747400361541 with initial instances count: 0
2025-05-16T07:59:21.547-05:00  INFO 25672 --- [orden-service] [           main] o.s.c.n.e.s.EurekaServiceRegistry        : Registering application ORDEN-SERVICE with eureka with status UP
2025-05-16T07:59:21.549-05:00  INFO 25672 --- [orden-service] [           main] com.netflix.discovery.DiscoveryClient    : Saw local status change event StatusChangeEvent [timestamp=1747400361549, current=UP, previous=STARTING]
2025-05-16T07:59:21.554-05:00  INFO 25672 --- [orden-service] [foReplicator-%d] com.netflix.discovery.DiscoveryClient    : DiscoveryClient_ORDEN-SERVICE/localhost:orden-service:8083: registering service...
2025-05-16T07:59:21.574-05:00  INFO 25672 --- [orden-service] [           main] c.e.o.OrdenServiceApplicationTests       : Started OrdenServiceApplicationTests in 14.985 seconds (process running for 17.721)
2025-05-16T07:59:21.757-05:00  INFO 25672 --- [orden-service] [foReplicator-%d] com.netflix.discovery.DiscoveryClient    : DiscoveryClient_ORDEN-SERVICE/localhost:orden-service:8083 - registration status: 204
]]></system-out>
  </testcase>
</testsuite>