<?xml version="1.0" encoding="UTF-8"?>
<testsuite xmlns:xsi="http://www.w3.org/2001/XMLSchema-instance" xsi:noNamespaceSchemaLocation="https://maven.apache.org/surefire/maven-surefire-plugin/xsd/surefire-test-report.xsd" version="3.0.2" name="com.example.detalleordenservice.DetalleordenServiceApplicationTests" time="27.577" tests="1" errors="0" skipped="0" failures="0">
  <properties>
[...]
</properties>
  <testcase name="contextLoads" classname="com.example.detalleordenservice.DetalleordenServiceApplicationTests" time="1.447">
    <system-out><![CDATA[11:44:28.525 [main] INFO org.springframework.test.context.support.AnnotationConfigContextLoaderUtils -- Could not detect default configuration classes for test class [com.example.detalleordenservice.DetalleordenServiceApplicationTests]: DetalleordenServiceApplicationTests does not declare any static, non-private, non-final, nested classes annotated with @Configuration.
11:44:28.971 [main] INFO org.springframework.boot.test.context.SpringBootTestContextBootstrapper -- Found @SpringBootConfiguration com.example.detalleordenservice.DetalleordenServiceApplication for test class com.example.detalleordenservice.DetalleordenServiceApplicationTests

  .   ____          _            __ _ _
 /\\ / ___'_ __ _ _(_)_ __  __ _ \ \ \ \
( ( )\___ | '_ | '_| | '_ \/ _` | \ \ \ \
 \\/  ___)| |_)| | | | | || (_| |  ) ) ) )
  '  |____| .__|_| |_|_| |_\__, | / / / /
 =========|_|==============|___/=/_/_/_/

 :: Spring Boot ::                (v3.4.5)

2025-05-16T11:44:32.722-05:00  INFO 9084 --- [detalleorden-service] [           main] .e.d.DetalleordenServiceApplicationTests : Starting DetalleordenServiceApplicationTests using Java 17.0.12 with PID 9084 (started by Sebax47 in C:\Users\Sebax47\Desktop\Comunicacion entre microservicios\detalleorden-service)
2025-05-16T11:44:32.727-05:00  INFO 9084 --- [detalleorden-service] [           main] .e.d.DetalleordenServiceApplicationTests : No active profile set, falling back to 1 default profile: "default"
2025-05-16T11:44:35.206-05:00  INFO 9084 --- [detalleorden-service] [           main] .s.d.r.c.RepositoryConfigurationDelegate : Bootstrapping Spring Data JPA repositories in DEFAULT mode.
2025-05-16T11:44:35.729-05:00  INFO 9084 --- [detalleorden-service] [           main] .s.d.r.c.RepositoryConfigurationDelegate : Finished Spring Data repository scanning in 488 ms. Found 1 JPA repository interface.
2025-05-16T11:44:36.391-05:00  INFO 9084 --- [detalleorden-service] [           main] o.s.cloud.context.scope.GenericScope     : BeanFactory id=0e799b58-80f2-3c1a-87f4-14d1e15e29e7
2025-05-16T11:44:37.674-05:00  INFO 9084 --- [detalleorden-service] [           main] o.hibernate.jpa.internal.util.LogHelper  : HHH000204: Processing PersistenceUnitInfo [name: default]
2025-05-16T11:44:37.957-05:00  INFO 9084 --- [detalleorden-service] [           main] org.hibernate.Version                    : HHH000412: Hibernate ORM core version 6.6.13.Final
2025-05-16T11:44:38.117-05:00  INFO 9084 --- [detalleorden-service] [           main] o.h.c.internal.RegionFactoryInitiator    : HHH000026: Second-level cache disabled
2025-05-16T11:44:39.502-05:00  INFO 9084 --- [detalleorden-service] [           main] o.s.o.j.p.SpringPersistenceUnitInfo      : No LoadTimeWeaver setup: ignoring JPA class transformer
2025-05-16T11:44:39.705-05:00  INFO 9084 --- [detalleorden-service] [           main] com.zaxxer.hikari.HikariDataSource       : HikariPool-1 - Starting...
2025-05-16T11:44:40.493-05:00  INFO 9084 --- [detalleorden-service] [           main] com.zaxxer.hikari.pool.HikariPool        : HikariPool-1 - Added connection org.postgresql.jdbc.PgConnection@246df37b
2025-05-16T11:44:40.499-05:00  INFO 9084 --- [detalleorden-service] [           main] com.zaxxer.hikari.HikariDataSource       : HikariPool-1 - Start completed.
2025-05-16T11:44:40.631-05:00  WARN 9084 --- [detalleorden-service] [           main] org.hibernate.orm.deprecation            : HHH90000025: PostgreSQLDialect does not need to be specified explicitly using 'hibernate.dialect' (remove the property setting and it will be selected by default)
2025-05-16T11:44:40.701-05:00  INFO 9084 --- [detalleorden-service] [           main] org.hibernate.orm.connections.pooling    : HHH10001005: Database info:
	Database JDBC URL [Connecting through datasource 'HikariDataSource (HikariPool-1)']
	Database driver: undefined/unknown
	Database version: 15.4
	Autocommit mode: undefined/unknown
	Isolation level: undefined/unknown
	Minimum pool size: undefined/unknown
	Maximum pool size: undefined/unknown
2025-05-16T11:44:43.637-05:00  INFO 9084 --- [detalleorden-service] [           main] o.h.e.t.j.p.i.JtaPlatformInitiator       : HHH000489: No JTA platform available (set 'hibernate.transaction.jta.platform' to enable JTA platform integration)
2025-05-16T11:44:43.961-05:00  INFO 9084 --- [detalleorden-service] [           main] j.LocalContainerEntityManagerFactoryBean : Initialized JPA EntityManagerFactory for persistence unit 'default'
2025-05-16T11:44:45.428-05:00  WARN 9084 --- [detalleorden-service] [           main] JpaBaseConfiguration$JpaWebConfiguration : spring.jpa.open-in-view is enabled by default. Therefore, database queries may be performed during view rendering. Explicitly configure spring.jpa.open-in-view to disable this warning
2025-05-16T11:44:47.265-05:00  INFO 9084 --- [detalleorden-service] [           main] o.s.cloud.commons.util.InetUtils         : Cannot determine local hostname
2025-05-16T11:44:51.511-05:00  INFO 9084 --- [detalleorden-service] [           main] o.s.cloud.commons.util.InetUtils         : Cannot determine local hostname
2025-05-16T11:44:51.631-05:00  INFO 9084 --- [detalleorden-service] [           main] DiscoveryClientOptionalArgsConfiguration : Eureka HTTP Client uses RestTemplate.
2025-05-16T11:44:51.735-05:00  WARN 9084 --- [detalleorden-service] [           main] iguration$LoadBalancerCaffeineWarnLogger : Spring Cloud LoadBalancer is currently working with the default cache. While this cache implementation is useful for development and tests, it's recommended to use Caffeine cache in production.You can switch to using Caffeine cache, by adding it and org.springframework.cache.caffeine.CaffeineCacheManager to the classpath.
2025-05-16T11:44:51.814-05:00  INFO 9084 --- [detalleorden-service] [           main] o.s.c.n.eureka.InstanceInfoFactory       : Setting initial instance status as: STARTING
2025-05-16T11:44:51.917-05:00  INFO 9084 --- [detalleorden-service] [           main] com.netflix.discovery.DiscoveryClient    : Initializing Eureka in region us-east-1
2025-05-16T11:44:51.936-05:00  INFO 9084 --- [detalleorden-service] [           main] c.n.d.s.r.aws.ConfigClusterResolver      : Resolving eureka endpoints via configuration
2025-05-16T11:44:51.982-05:00  INFO 9084 --- [detalleorden-service] [           main] com.netflix.discovery.DiscoveryClient    : Disable delta property : false
2025-05-16T11:44:51.983-05:00  INFO 9084 --- [detalleorden-service] [           main] com.netflix.discovery.DiscoveryClient    : Single vip registry refresh property : null
2025-05-16T11:44:51.984-05:00  INFO 9084 --- [detalleorden-service] [           main] com.netflix.discovery.DiscoveryClient    : Force full registry fetch : false
2025-05-16T11:44:51.984-05:00  INFO 9084 --- [detalleorden-service] [           main] com.netflix.discovery.DiscoveryClient    : Application is null : false
2025-05-16T11:44:51.985-05:00  INFO 9084 --- [detalleorden-service] [           main] com.netflix.discovery.DiscoveryClient    : Registered Applications size is zero : true
2025-05-16T11:44:51.985-05:00  INFO 9084 --- [detalleorden-service] [           main] com.netflix.discovery.DiscoveryClient    : Application version is -1: true
2025-05-16T11:44:51.985-05:00  INFO 9084 --- [detalleorden-service] [           main] com.netflix.discovery.DiscoveryClient    : Getting all instance registry info from the eureka server
2025-05-16T11:44:53.764-05:00  INFO 9084 --- [detalleorden-service] [           main] com.netflix.discovery.DiscoveryClient    : The response status is 200
2025-05-16T11:44:53.768-05:00  INFO 9084 --- [detalleorden-service] [           main] com.netflix.discovery.DiscoveryClient    : Starting heartbeat executor: renew interval is: 30
2025-05-16T11:44:53.776-05:00  INFO 9084 --- [detalleorden-service] [           main] c.n.discovery.InstanceInfoReplicator     : InstanceInfoReplicator onDemand update allowed rate per min is 4
2025-05-16T11:44:53.780-05:00  INFO 9084 --- [detalleorden-service] [           main] com.netflix.discovery.DiscoveryClient    : Discovery Client initialized at timestamp 1747413893778 with initial instances count: 0
2025-05-16T11:44:53.791-05:00  INFO 9084 --- [detalleorden-service] [           main] o.s.c.n.e.s.EurekaServiceRegistry        : Registering application DETALLEORDEN-SERVICE with eureka with status UP
2025-05-16T11:44:53.794-05:00  INFO 9084 --- [detalleorden-service] [           main] com.netflix.discovery.DiscoveryClient    : Saw local status change event StatusChangeEvent [timestamp=1747413893792, current=UP, previous=STARTING]
2025-05-16T11:44:53.799-05:00  INFO 9084 --- [detalleorden-service] [foReplicator-%d] com.netflix.discovery.DiscoveryClient    : DiscoveryClient_DETALLEORDEN-SERVICE/localhost:detalleorden-service:8082: registering service...
2025-05-16T11:44:53.908-05:00  INFO 9084 --- [detalleorden-service] [           main] .e.d.DetalleordenServiceApplicationTests : Started DetalleordenServiceApplicationTests in 23.81 seconds (process running for 28.255)
2025-05-16T11:44:54.193-05:00  INFO 9084 --- [detalleorden-service] [foReplicator-%d] com.netflix.discovery.DiscoveryClient    : DiscoveryClient_DETALLEORDEN-SERVICE/localhost:detalleorden-service:8082 - registration status: 204
]]></system-out>
  </testcase>
</testsuite>